[14:49:13] [main/INFO]: Loading Minecraft 1.21.10 with Fabric Loader 0.18.2
[14:49:13] [main/INFO]: Loading 43 mods:
	- classicfarlands 1.1.0+mc1.21.10
	   \-- mixson 1.4.0
	- fabric-api 0.138.4+1.21.10
	   |-- fabric-api-base 1.0.0+14b92d896f
	   |-- fabric-api-lookup-api-v1 1.6.106+d17682156f
	   |-- fabric-biome-api-v1 16.1.0+c2417d4f6f
	   |-- fabric-block-api-v1 1.1.5+d17682156f
	   |-- fabric-block-view-api-v2 1.0.34+e4fd1b926f
	   |-- fabric-command-api-v2 2.4.0+c0ab2d5d6f
	   |-- fabric-content-registries-v0 10.2.6+b6a242646f
	   |-- fabric-convention-tags-v1 2.1.49+7f945d5b6f
	   |-- fabric-convention-tags-v2 2.17.0+ff7bc77d6f
	   |-- fabric-crash-report-info-v1 0.3.18+33df5e6e6f
	   |-- fabric-data-attachment-api-v1 1.8.33+cd3b9e596f
	   |-- fabric-data-generation-api-v1 23.2.27+d8b85ef16f
	   |-- fabric-dimensions-v1 4.0.22+38b9cc196f
	   |-- fabric-entity-events-v1 2.1.13+fde3702c6f
	   |-- fabric-events-interaction-v0 4.0.36+5ba217126f
	   |-- fabric-game-rule-api-v1 1.1.1+e47eaae56f
	   |-- fabric-item-api-v1 11.5.11+9bce411b6f
	   |-- fabric-item-group-api-v1 4.2.27+86b3ae576f
	   |-- fabric-key-binding-api-v1 1.1.1+b3ba9c486f
	   |-- fabric-lifecycle-events-v1 2.6.9+33df5e6e6f
	   |-- fabric-loot-api-v2 3.0.67+3f89f5a56f
	   |-- fabric-loot-api-v3 2.0.14+d17682156f
	   |-- fabric-message-api-v1 6.1.7+3154c1c86f
	   |-- fabric-model-loading-api-v1 6.0.5+3ffd6ef06f
	   |-- fabric-networking-api-v1 5.1.0+b095d8db6f
	   |-- fabric-object-builder-api-v1 21.1.28+9bce411b6f
	   |-- fabric-particles-v1 4.2.3+a0ee59a46f
	   |-- fabric-recipe-api-v1 8.2.0+39709ef06f
	   |-- fabric-registry-sync-v0 6.1.42+679c8c5c6f
	   |-- fabric-renderer-api-v1 7.2.3+9be2a36e6f
	   |-- fabric-renderer-indigo 4.1.4+9be2a36e6f
	   |-- fabric-rendering-fluids-v1 3.1.38+86b3ae576f
	   |-- fabric-rendering-v1 16.2.0+bee81f016f
	   |-- fabric-resource-conditions-api-v1 5.0.28+33df5e6e6f
	   |-- fabric-resource-loader-v0 3.3.1+d4d4122a6f
	   |-- fabric-resource-loader-v1 1.0.4+14959b836f
	   |-- fabric-screen-api-v1 3.1.0+9c82a7986f
	   |-- fabric-screen-handler-api-v1 1.3.151+d17682156f
	   |-- fabric-serialization-api-v1 1.0.0+d857c9766f
	   |-- fabric-sound-api-v1 1.0.45+328a75ba6f
	   |-- fabric-tag-api-v1 1.2.13+2fa446b26f
	   |-- fabric-transfer-api-v1 6.0.15+79ec2c126f
	   \-- fabric-transitive-access-wideners-v1 6.5.3+41eb43436f
	- fabricloader 0.18.2
	   \-- mixinextras 0.5.0
	- java 21
	- minecraft 1.21.10
[14:49:13] [main/INFO]: SpongePowered MIXIN Subsystem Version=0.8.7 Source=file:/workspaces/verbose-fiesta/servidor_minecraft/libraries/net/fabricmc/sponge-mixin/0.16.5+mixin.0.8.7/sponge-mixin-0.16.5+mixin.0.8.7.jar Service=Knot/Fabric Env=SERVER
[14:49:13] [main/INFO]: Compatibility level set to JAVA_21
[14:49:14] [main/INFO]: Initializing MixinExtras via com.llamalad7.mixinextras.service.MixinExtrasServiceImpl(version=0.5.0).
[14:49:20] [main/INFO]: Environment: Environment[sessionHost=https://sessionserver.mojang.com, servicesHost=https://api.minecraftservices.com, profilesHost=https://api.mojang.com, name=PROD]
[14:49:20] [main/ERROR]: Couldn't load file/generation2.zip pack metadata: Pack declared support for versions 88 to 88 but declared main format is 81
[14:49:20] [main/WARN]: Missing metadata in pack file/generation3.zip
[14:49:25] [main/INFO]: Loaded 1467 recipes
[14:49:25] [main/INFO]: Loaded 1576 advancements
[14:49:25] [main/INFO]: Applied 0 biome modifications to 0 of 160 new biomes in 2.250 ms
[14:49:25] [Server thread/INFO]: Starting minecraft server version 1.21.10
[14:49:25] [Server thread/INFO]: Loading properties
[14:49:25] [Server thread/INFO]: Default game type: SURVIVAL
[14:49:25] [Server thread/INFO]: Generating keypair
[14:49:25] [Server thread/INFO]: Starting Minecraft server on *:25565
[14:49:25] [Server thread/INFO]: Using epoll channel type
[14:49:25] [Server thread/WARN]: **** SERVER IS RUNNING IN OFFLINE/INSECURE MODE!
[14:49:25] [Server thread/WARN]: The server will make no attempt to authenticate usernames. Beware.
[14:49:25] [Server thread/WARN]: While this makes the game possible to play without internet access, it also opens up the ability for hackers to connect with any username they choose.
[14:49:25] [Server thread/WARN]: To change this, set "online-mode" to "true" in the server.properties file.
[14:49:25] [Server thread/INFO]: Preparing level "world"
[14:49:26] [Server thread/INFO]: Loading 25 persistent chunks...
[14:49:26] [Server thread/INFO]: Preparing spawn area: 28%
[14:49:26] [Server thread/INFO]: Preparing spawn area: 28%
[14:49:27] [Server thread/INFO]: Preparing spawn area: 28%
[14:49:27] [Server thread/INFO]: Preparing spawn area: 28%
[14:49:28] [Server thread/INFO]: Preparing spawn area: 28%
[14:49:28] [Server thread/INFO]: Time elapsed: 2490 ms
[14:49:28] [Server thread/INFO]: Done (3.001s)! For help, type "help"
[14:49:35] [Server thread/INFO]: ToastttMC[/127.36.46.25:42745] logged in with entity id 15 at (1089.2395630830108, 112.0, -699.8763743259432)
[14:49:35] [Server thread/INFO]: ToastttMC joined the game
[14:49:36] [Server thread/INFO]: ItzRosstheboss[/127.184.145.77:51763] logged in with entity id 26 at (1119.3564554958612, 112.0, -700.803815876339)
[14:49:36] [Server thread/INFO]: ItzRosstheboss joined the game
[14:49:42] [Server thread/INFO]: ToastttMC was smashed by ItzRosstheboss
[14:49:44] [Server thread/INFO]: Anime_Del[/127.128.71.102:43611] logged in with entity id 88 at (1109.5415722196433, 114.16610926093821, -701.6759185360778)
[14:49:44] [Server thread/INFO]: Anime_Del joined the game
[14:49:48] [Server thread/INFO]: ItzVanz[/127.104.222.45:57459] logged in with entity id 90 at (1092.1912365831272, 110.17675927506424, -698.160190430761)
[14:49:48] [Server thread/INFO]: ItzVanz joined the game
[14:49:54] [Server thread/INFO]: ExpertDead[/127.145.42.9:52075] logged in with entity id 94 at (1105.7423352106155, 114.16610926093821, -699.8783873176849)
[14:49:54] [Server thread/INFO]: ExpertDead joined the game
[14:49:56] [Server thread/INFO]: Tuk4Tuk[/127.94.20.106:52801] logged in with entity id 353 at (1108.6513586540548, 113.0, -698.9124804276373)
[14:49:56] [Server thread/INFO]: Tuk4Tuk joined the game
[14:49:58] [Server thread/INFO]: [ExpertDead: Set own game mode to Creative Mode]
[14:50:13] [Server thread/INFO]: [ItzRosstheboss: Set ToastttMC's game mode to Survival Mode]
[14:50:19] [Server thread/INFO]: [ItzRosstheboss: Set the time to 1000]
[14:50:21] [Server thread/INFO]: [Tuk4Tuk: Set own game mode to Survival Mode]
[14:50:21] [Server thread/INFO]: [ItzRosstheboss: Set own game mode to Survival Mode]
[14:50:24] [Server thread/INFO]: [ItzRosstheboss: Teleported 6 entities to ItzRosstheboss]
[14:50:25] [Server thread/INFO]: [ItzRosstheboss: Set own game mode to Creative Mode]
[14:50:35] [Server thread/INFO]: [ExpertDead: Set own game mode to Survival Mode]
[14:50:53] [Server thread/INFO]: [Not Secure] <Tuk4Tuk> YAPPATRONS
[14:50:56] [Server thread/INFO]: [Not Secure] <ItzVanz> fr
[14:51:34] [Server thread/INFO]: [ItzRosstheboss: Applied effect Invisibility to 6 targets]
[14:51:37] [Server thread/INFO]: [ExpertDead: Set own game mode to Creative Mode]
[14:51:47] [Server thread/INFO]: [Not Secure] <Tuk4Tuk> NO
[14:51:50] [Server thread/INFO]: [ExpertDead: Gamerule pvp is now set to: false]
[14:51:51] [Server thread/INFO]: [Not Secure] <Tuk4Tuk> doofus
[14:51:52] [Server thread/INFO]: [ExpertDead: Set own game mode to Survival Mode]
[14:51:56] [Server thread/INFO]: [ExpertDead: Set ItzRosstheboss's game mode to Survival Mode]
[14:51:58] [Server thread/INFO]: [ItzRosstheboss: Set own game mode to Creative Mode]
[14:52:04] [Server thread/INFO]: [Not Secure] <Tuk4Tuk> BRO
[14:52:10] [Server thread/INFO]: [Not Secure] <Tuk4Tuk> tHE OBS IS SO SMOOTH NOW
[14:52:15] [Server thread/INFO]: [Not Secure] <Tuk4Tuk> why tf am i invis
[14:52:25] [Server thread/INFO]: [ItzRosstheboss: Set Anime_Del's game mode to Creative Mode]
[14:52:40] [Server thread/INFO]: [Tuk4Tuk: Set own game mode to Creative Mode]
[14:52:45] [Server thread/INFO]: [Not Secure] <ItzVanz> firework duration 3
[14:52:46] [Server thread/INFO]: [Not Secure] <ItzVanz> ross
[14:52:47] [Server thread/INFO]: [Not Secure] <Tuk4Tuk> i will use an orbital cannon for video testing but far
[14:52:51] [Server thread/INFO]: [Tuk4Tuk: Removed every effect from Tuk4Tuk]
[14:53:13] [Server thread/INFO]: [ExpertDead: Set own game mode to Creative Mode]
[14:53:13] [Server thread/INFO]: [Tuk4Tuk: Running function orbital:give/nuke_aim_3]
[14:53:14] [Server thread/INFO]: [ExpertDead: Set own game mode to Survival Mode]
[14:53:25] [Server thread/WARN]: Anime_Del moved too quickly! 9.864175869310884,5.9906816816795185,10.325159812702168
[14:53:25] [Server thread/WARN]: ItzVanz moved too quickly! 2.6258553287011637,2.996983738490954,-9.47047824670085
[14:53:25] [Server thread/WARN]: ItzRosstheboss moved too quickly! 3.411642909187549,-5.672217869627687,-8.021529073053102
[14:53:25] [Server thread/WARN]: ExpertDead moved too quickly! 1.879964910202034,-2.2481359985909393,-9.620999174883082
[14:53:25] [Server thread/WARN]: Can't keep up! Is the server overloaded? Running 5558ms or 111 ticks behind
[14:53:25] [Server thread/INFO]: [Not Secure] <Tuk4Tuk> TESTING VIDEO
[14:53:25] [Server thread/WARN]: Tuk4Tuk moved too quickly! 0.070840897175799,14.724080094199962,-0.5887411398548466
[14:53:43] [Server thread/INFO]: [ExpertDead: Teleported 6 entities to ExpertDead]
[14:53:59] [Server thread/INFO]: [ExpertDead: Gamerule pvp is now set to: true]
[14:54:00] [Server thread/INFO]: [ItzRosstheboss: Set own game mode to Survival Mode]
[14:54:00] [Server thread/INFO]: [ItzRosstheboss: Set Anime_Del's game mode to Survival Mode]
[14:54:00] [Server thread/INFO]: [ItzRosstheboss: Set Tuk4Tuk's game mode to Survival Mode]
[14:54:03] [Server thread/INFO]: [ItzRosstheboss: Set own game mode to Creative Mode]
[14:54:06] [Server thread/INFO]: [ItzRosstheboss: Set own game mode to Survival Mode]
[14:54:17] [Server thread/INFO]: [Tuk4Tuk: Set own game mode to Creative Mode]
[14:54:30] [Server thread/INFO]: ItzVanz lost connection: Disconnected
[14:54:30] [Server thread/INFO]: ItzVanz left the game
[14:54:40] [Server thread/INFO]: ItzVanz[/127.104.222.45:37551] logged in with entity id 12710 at (1089.1295692715396, 106.0, -693.3721491299889)
[14:54:40] [Server thread/INFO]: ItzVanz joined the game
[14:55:06] [Server thread/INFO]: [Tuk4Tuk: Set own game mode to Survival Mode]
[14:55:10] [Server thread/INFO]: [Not Secure] <ItzVanz> WE ARE STARTING
[14:55:14] [Server thread/INFO]: [ExpertDead: Gave 41 [Ender Pearl] to ExpertDead]
[14:55:16] [Server thread/INFO]: gloryisback_[/127.47.16.172:58743] logged in with entity id 13040 at (488.5, 50.0, -590.5)
[14:55:16] [Server thread/INFO]: gloryisback_ joined the game
[14:55:26] [Server thread/INFO]: [ExpertDead: Teleported 7 entities to ExpertDead]
[14:55:28] [Server thread/INFO]: [ItzRosstheboss: Teleported gloryisback_ to ItzRosstheboss]
[14:55:32] [Server thread/INFO]: [ItzRosstheboss: Set own game mode to Creative Mode]
[14:55:42] [Server thread/INFO]: gloryisback_ was slain by Tuk4Tuk using [🗡 | Doom]
[14:55:47] [Server thread/INFO]: [ItzRosstheboss: Teleported gloryisback_ to ItzRosstheboss]
[14:55:48] [Server thread/INFO]: [ExpertDead: Teleported gloryisback_ to ExpertDead]
[14:55:51] [Server thread/INFO]: [ExpertDead: Set own game mode to Creative Mode]
[14:55:56] [Server thread/INFO]: [ExpertDead: Teleported 7 entities to ExpertDead]
[14:55:59] [Server thread/INFO]: [ItzRosstheboss: Set gloryisback_'s game mode to Creative Mode]
[14:55:59] [Server thread/INFO]: gloryisback_ lost connection: You logged in from another location
[14:55:59] [Server thread/INFO]: gloryisback_ left the game
[14:55:59] [Server thread/WARN]: handleDisconnection() called twice
[14:56:02] [Server thread/INFO]: [ExpertDead: Set own game mode to Survival Mode]
[14:56:05] [Server thread/INFO]: [ExpertDead: Set ItzRosstheboss's game mode to Survival Mode]
[14:56:10] [Server thread/INFO]: [ItzRosstheboss: Set own game mode to Creative Mode]
[14:56:21] [Server thread/INFO]: gloryisback_ (37afcd7c-b43d-3b2e-b021-d67e8619f76f) lost connection: Disconnected
[14:56:45] [Server thread/INFO]: ExpertDead lost connection: Disconnected
[14:56:45] [Server thread/INFO]: ExpertDead left the game
[14:57:28] [Server thread/INFO]: gloryisback_[/127.47.16.172:36415] logged in with entity id 15009 at (1102.420159641855, 111.0, -696.6897369848097)
[14:57:28] [Server thread/INFO]: gloryisback_ joined the game
[14:57:31] [Server thread/INFO]: [Not Secure] <Tuk4Tuk> COIBWEBS
[14:57:35] [Server thread/INFO]: [ItzRosstheboss: Teleported gloryisback_ to ItzRosstheboss]
[14:57:38] [Server thread/INFO]: [ItzRosstheboss: Set gloryisback_'s game mode to Creative Mode]
[14:57:43] [Server thread/INFO]: [Tuk4Tuk: Set ItzRosstheboss's game mode to Survival Mode]
[14:57:43] [Server thread/INFO]: [Tuk4Tuk: Set gloryisback_'s game mode to Survival Mode]
[14:57:46] [Server thread/INFO]: [ItzRosstheboss: Set own game mode to Creative Mode]
[14:57:46] [Server thread/INFO]: [ItzRosstheboss: Set gloryisback_'s game mode to Creative Mode]
[14:58:04] [Server thread/INFO]: [Tuk4Tuk: Applied effect Invisibility to gloryisback_]
[14:58:24] [Server thread/INFO]: [Not Secure] <Tuk4Tuk> i GAVE ANIME AMROR FOR A REASON MONJKEYS
[14:58:35] [Server thread/INFO]: ExpertDead[/127.145.42.9:34219] logged in with entity id 15454 at (1141.814290992611, 112.17675927506424, -683.3125768998244)
[14:58:35] [Server thread/INFO]: ExpertDead joined the game
[14:58:44] [Server thread/INFO]: [ItzRosstheboss: Applied effect Invisibility to Anime_Del]
[14:58:55] [Server thread/INFO]: [ItzRosstheboss: Gamerule playersSleepingPercentage is now set to: 1]
[14:59:08] [Server thread/WARN]: Anime_Del moved too quickly! 4.990961563751625,16.47594459715411,5.723449104924953
[14:59:08] [Server thread/WARN]: Tuk4Tuk moved too quickly! 2.3315032553823585,-8.275759401154886,-5.642174848318632
[14:59:28] [Server thread/INFO]: [Tuk4Tuk: Set own game mode to Creative Mode]
[14:59:32] [Server thread/INFO]: [ItzRosstheboss: Set Anime_Del's game mode to Creative Mode]
[14:59:36] [Server thread/INFO]: [Not Secure] <Tuk4Tuk> restart server one last time
[14:59:39] [Server thread/INFO]: [ItzRosstheboss: Set Anime_Del's game mode to Survival Mode]
[14:59:40] [Server thread/INFO]: [Tuk4Tuk: Set own game mode to Survival Mode]
[14:59:53] [Server thread/INFO]: [Not Secure] <Tuk4Tuk> bro
[15:00:27] [Server thread/INFO]: [Tuk4Tuk: Teleported ItzVanz to Tuk4Tuk]
[15:00:55] [Server thread/INFO]: [ExpertDead: Gamerule pvp is now set to: false]
[15:01:03] [Server thread/INFO]: [ItzRosstheboss: Removed every effect from 7 targets]
[15:01:14] [Server thread/INFO]: [ItzRosstheboss: Set the time to 1000]
[15:01:40] [Server thread/INFO]: [Not Secure] <Tuk4Tuk> the script
[15:01:43] [Server thread/INFO]: [ExpertDead: Set ItzRosstheboss's game mode to Survival Mode]
[15:01:43] [Server thread/INFO]: [ExpertDead: Set gloryisback_'s game mode to Survival Mode]
[15:01:51] [Server thread/INFO]: [Tuk4Tuk: Applied effect Invisibility to 7 targets]
[15:01:51] [Server thread/INFO]: [ItzRosstheboss: Set own game mode to Creative Mode]
[15:02:02] [Server thread/INFO]: [Tuk4Tuk: Removed every effect from Tuk4Tuk]
[15:02:05] [Server thread/INFO]: [ItzRosstheboss: Set own game mode to Survival Mode]
[15:02:17] [Server thread/INFO]: [ItzRosstheboss: Set own game mode to Creative Mode]
[15:02:18] [Server thread/INFO]: [ItzRosstheboss: Set own game mode to Survival Mode]
[15:02:55] [Server thread/INFO]: [ExpertDead: Set own game mode to Creative Mode]
[15:02:58] [Server thread/INFO]: [ExpertDead: Set own game mode to Survival Mode]
[15:02:58] [Server thread/INFO]: [ItzRosstheboss: Running function orbital:give/stab_aim_3]
[15:03:15] [Server thread/INFO]: [ExpertDead: Set own game mode to Creative Mode]
[15:03:19] [Server thread/INFO]: [Not Secure] <Tuk4Tuk> its power rangers not invis mafia
[15:03:21] [Server thread/INFO]: [ExpertDead: Set own game mode to Survival Mode]
[15:03:22] [Server thread/INFO]: [Not Secure] <ItzVanz> lol
[15:03:31] [Server thread/INFO]: [Not Secure] <gloryisback_> invis npc
[15:03:34] [Server thread/INFO]: [Not Secure] <gloryisback_> like wtf
[15:03:37] [Server thread/INFO]: [ExpertDead: Gamerule pvp is now set to: true]
[15:03:39] [Server thread/INFO]: [Tuk4Tuk: Teleported 7 entities to Tuk4Tuk]
[15:03:46] [Server thread/INFO]: [Not Secure] <ItzVanz> expert
[15:03:46] [Server thread/INFO]: [Not Secure] <Tuk4Tuk> eveyronewith no trim be behind ross and expert
[15:03:48] [Server thread/INFO]: [ItzRosstheboss: Set own game mode to Creative Mode]
[15:03:49] [Server thread/INFO]: [Not Secure] <ItzVanz> is pvping
[15:03:54] [Server thread/INFO]: [ExpertDead: Applied effect Fire Resistance to 7 targets]
[15:03:55] [Server thread/INFO]: [Not Secure] <ItzVanz> ok
[15:03:55] [Server thread/INFO]: [Not Secure] <Tuk4Tuk> expert is 2nd in command and ross is the elader
[15:03:59] [Server thread/INFO]: [Not Secure] <ItzVanz> ok bet
[15:04:05] [Server thread/INFO]: [Not Secure] <ItzVanz> ECERYONE BEHING ROSS AND EXPERT
[15:04:09] [Server thread/INFO]: [ItzRosstheboss: Set own game mode to Survival Mode]
[15:04:21] [Server thread/INFO]: [Not Secure] <Tuk4Tuk> HERE
[15:04:22] [Server thread/INFO]: [Not Secure] <Tuk4Tuk> N P C
[15:04:27] [Server thread/INFO]: [Not Secure] <Tuk4Tuk> be in like
[15:04:36] [Server thread/INFO]: [Not Secure] <Tuk4Tuk> only the armor trims ahead
[15:04:43] [Server thread/INFO]: [Not Secure] <Tuk4Tuk> while the no amror trim abit behiund
[15:05:44] [Server thread/INFO]: [ItzRosstheboss: Applied effect Strength to 7 targets]
[15:06:02] [Server thread/INFO]: [ItzRosstheboss: Applied effect Speed to 7 targets]
[15:06:44] [Server thread/WARN]: gloryisback_ moved too quickly! 9.662883404616423,-1.0,2.906290666881887
[15:07:25] [Server thread/INFO]: [ItzRosstheboss: Removed every effect from Tuk4Tuk]
[15:07:26] [Server thread/INFO]: [Not Secure] <Tuk4Tuk> also armor trims are suposed to be the oens with cannons
[15:07:40] [Server thread/INFO]: [Not Secure] <ItzVanz> STRAND
[15:07:41] [Server thread/INFO]: [Not Secure] <Tuk4Tuk> yall setup the position
[15:07:45] [Server thread/INFO]: [Not Secure] <ItzVanz> SETUP AGAIN
[15:07:46] [Server thread/INFO]: [Not Secure] <Tuk4Tuk> GET UR POSITIONS MONKIES
[15:07:51] [Server thread/INFO]: [ItzRosstheboss: Set own game mode to Creative Mode]
[15:07:51] [Server thread/INFO]: [Not Secure] <Tuk4Tuk> just stand in a line
[15:07:57] [Server thread/INFO]: [Not Secure] <Tuk4Tuk> not that hard
[15:07:58] [Server thread/INFO]: [Not Secure] <Tuk4Tuk> pookie
[15:08:46] [Server thread/INFO]: [Not Secure] <Tuk4Tuk> invis mafia form temu
[15:08:50] [Server thread/INFO]: [Tuk4Tuk: Set own game mode to Creative Mode]
[15:09:13] [Server thread/INFO]: [Tuk4Tuk: Set own game mode to Survival Mode]
[15:09:16] [Server thread/INFO]: [Not Secure] <Tuk4Tuk> STAND IN LINE
[15:09:35] [Server thread/INFO]: [ItzRosstheboss: Set own game mode to Survival Mode]
